[debug] [2025-04-06T20:13:23.474Z] ----------------------------------------------------------------------
[debug] [2025-04-06T20:13:23.476Z] Command:       C:\Program Files\nodejs\node.exe C:\Users\jthomazini\AppData\Roaming\npm\node_modules\firebase-tools\lib\bin\firebase.js init hosting
[debug] [2025-04-06T20:13:23.477Z] CLI Version:   14.1.0
[debug] [2025-04-06T20:13:23.477Z] Platform:      win32
[debug] [2025-04-06T20:13:23.477Z] Node Version:  v22.13.1
[debug] [2025-04-06T20:13:23.477Z] Time:          Sun Apr 06 2025 17:13:23 GMT-0300 (Horário Padrão de Brasília)
[debug] [2025-04-06T20:13:23.477Z] ----------------------------------------------------------------------
[debug] 
[debug] [2025-04-06T20:13:23.484Z] > command requires scopes: ["email","openid","https://www.googleapis.com/auth/cloudplatformprojects.readonly","https://www.googleapis.com/auth/firebase","https://www.googleapis.com/auth/cloud-platform"]
[debug] [2025-04-06T20:13:23.484Z] > authorizing via signed-in user (joao.thomazini@sou.unaerp.edu.br)
[info] 
     ######## #### ########  ######## ########     ###     ######  ########
     ##        ##  ##     ## ##       ##     ##  ##   ##  ##       ##
     ######    ##  ########  ######   ########  #########  ######  ######
     ##        ##  ##    ##  ##       ##     ## ##     ##       ## ##
     ##       #### ##     ## ######## ########  ##     ##  ######  ########

You're about to initialize a Firebase project in this directory:

  C:\Users\jthomazini\Desktop\WebGLBuild

[info] 
=== Project Setup
[info] 
[info] First, let's associate this project directory with a Firebase project.
[info] You can create multiple project aliases by running firebase use --add, 
[info] but for now we'll just set up a default project.
[info] 
[debug] [2025-04-06T20:13:52.293Z] Checked if tokens are valid: true, expires at: 1743973988774
[debug] [2025-04-06T20:13:52.294Z] Checked if tokens are valid: true, expires at: 1743973988774
[debug] [2025-04-06T20:13:52.295Z] >>> [apiv2][query] GET https://firebase.googleapis.com/v1beta1/projects pageSize=100
[debug] [2025-04-06T20:13:53.183Z] <<< [apiv2][status] GET https://firebase.googleapis.com/v1beta1/projects 200
[debug] [2025-04-06T20:13:53.183Z] <<< [apiv2][body] GET https://firebase.googleapis.com/v1beta1/projects [omitted]
[debug] [2025-04-06T20:14:08.113Z] ----------------------------------------------------------------------
[debug] [2025-04-06T20:14:08.115Z] Command:       C:\Program Files\nodejs\node.exe C:\Users\jthomazini\AppData\Roaming\npm\node_modules\firebase-tools\lib\bin\firebase.js init hosting
[debug] [2025-04-06T20:14:08.116Z] CLI Version:   14.1.0
[debug] [2025-04-06T20:14:08.116Z] Platform:      win32
[debug] [2025-04-06T20:14:08.116Z] Node Version:  v22.13.1
[debug] [2025-04-06T20:14:08.116Z] Time:          Sun Apr 06 2025 17:14:08 GMT-0300 (Horário Padrão de Brasília)
[debug] [2025-04-06T20:14:08.116Z] ----------------------------------------------------------------------
[debug] 
[debug] [2025-04-06T20:14:08.122Z] > command requires scopes: ["email","openid","https://www.googleapis.com/auth/cloudplatformprojects.readonly","https://www.googleapis.com/auth/firebase","https://www.googleapis.com/auth/cloud-platform"]
[debug] [2025-04-06T20:14:08.123Z] > authorizing via signed-in user (joao.thomazini@sou.unaerp.edu.br)
[info] 
     ######## #### ########  ######## ########     ###     ######  ########
     ##        ##  ##     ## ##       ##     ##  ##   ##  ##       ##
     ######    ##  ########  ######   ########  #########  ######  ######
     ##        ##  ##    ##  ##       ##     ## ##     ##       ## ##
     ##       #### ##     ## ######## ########  ##     ##  ######  ########

You're about to initialize a Firebase project in this directory:

  C:\Users\jthomazini\Desktop\WebGLBuild

[info] 
=== Project Setup
[info] 
[info] First, let's associate this project directory with a Firebase project.
[info] You can create multiple project aliases by running firebase use --add, 
[info] but for now we'll just set up a default project.
[info] 
[info] i  If you want to create a project in a Google Cloud organization or folder, please use "firebase projects:create" instead, and return to this command when you've created the project. 
[debug] [2025-04-06T20:14:58.652Z] Checked if tokens are valid: true, expires at: 1743973988774
[debug] [2025-04-06T20:14:58.653Z] Checked if tokens are valid: true, expires at: 1743973988774
[debug] [2025-04-06T20:14:58.654Z] >>> [apiv2][query] POST https://cloudresourcemanager.googleapis.com/v1/projects [none]
[debug] [2025-04-06T20:14:58.654Z] >>> [apiv2][body] POST https://cloudresourcemanager.googleapis.com/v1/projects {"projectId":"UnitySpeedRacing","name":"UnitySpeedRacing"}
[debug] [2025-04-06T20:14:59.662Z] <<< [apiv2][status] POST https://cloudresourcemanager.googleapis.com/v1/projects 400
[debug] [2025-04-06T20:14:59.662Z] <<< [apiv2][body] POST https://cloudresourcemanager.googleapis.com/v1/projects {"error":{"code":400,"message":"field [project_id] has issue [project_id contains invalid characters]","status":"INVALID_ARGUMENT","details":[{"@type":"type.googleapis.com/google.rpc.BadRequest","fieldViolations":[{"field":"project_id","description":"project_id contains invalid characters"}]},{"@type":"type.googleapis.com/google.rpc.Help","links":[{"url":"https://cloud.google.com/resource-manager/reference/rest/v1/projects"}]}]}}
[debug] [2025-04-06T20:14:59.835Z] FirebaseError: Request to https://cloudresourcemanager.googleapis.com/v1/projects had HTTP Error: 400, field [project_id] has issue [project_id contains invalid characters]
    at responseToError (C:\Users\jthomazini\AppData\Roaming\npm\node_modules\firebase-tools\lib\responseToError.js:52:12)
    at RetryOperation._fn (C:\Users\jthomazini\AppData\Roaming\npm\node_modules\firebase-tools\lib\apiv2.js:312:77)
    at process.processTicksAndRejections (node:internal/process/task_queues:105:5)
[error] 
[error] Error: Failed to create project. See firebase-debug.log for more info.
